<?xml version="1.0" encoding="UTF-8"?>
<!-- Generated by org.testng.reporters.JUnitReportReporter -->
<testsuite skipped="0" hostname="Chait-Lap-DVA0K4ST" name="com.dyt.ors.userlibraries.VerifyTestNg" tests="1" failures="0" timestamp="08 Jun 2020 12:18:58 GMT" time="0.029" errors="0">
  <testcase name="TC01" time="0.029" classname="com.dyt.ors.userlibraries.VerifyTestNg"/>
</testsuite> <!-- com.dyt.ors.userlibraries.VerifyTestNg -->
