<?xml version="1.0" encoding="UTF-8"?>
<!-- Generated by org.testng.reporters.JUnitReportReporter -->
<testsuite skipped="0" hostname="Chait-Lap-DVA0K4ST" name="com.dyt.ors.SmokeTC.SmoketestCases" tests="1" failures="0" timestamp="23 Jun 2020 04:24:07 GMT" time="66.841" errors="0">
  <testcase name="TC004_editMainCategory" time="66.841" classname="com.dyt.ors.SmokeTC.SmoketestCases"/>
</testsuite> <!-- com.dyt.ors.SmokeTC.SmoketestCases -->
