<?xml version="1.0" encoding="UTF-8"?>
<!-- Generated by org.testng.reporters.JUnitReportReporter -->
<testsuite skipped="0" hostname="Chait-Lap-DVA0K4ST" name="com.dyt.ors.SmokeTC.SmoketestCases" tests="1" failures="0" timestamp="22 Jun 2020 15:54:47 GMT" time="156.161" errors="0">
  <testcase name="TC004_editMainCategory" time="156.161" classname="com.dyt.ors.SmokeTC.SmoketestCases"/>
</testsuite> <!-- com.dyt.ors.SmokeTC.SmoketestCases -->
